\BOOKMARK [0][-]{chapter.1}{\376\377\000I\000n\000d\000e\000x\000\040\000d\000e\000s\000\040\000c\000l\000a\000s\000s\000e\000s}{}% 1
\BOOKMARK [1][-]{section.1.1}{\376\377\000L\000i\000s\000t\000e\000\040\000d\000e\000s\000\040\000c\000l\000a\000s\000s\000e\000s}{chapter.1}% 2
\BOOKMARK [0][-]{chapter.2}{\376\377\000I\000n\000d\000e\000x\000\040\000d\000e\000s\000\040\000f\000i\000c\000h\000i\000e\000r\000s}{}% 3
\BOOKMARK [1][-]{section.2.1}{\376\377\000L\000i\000s\000t\000e\000\040\000d\000e\000s\000\040\000f\000i\000c\000h\000i\000e\000r\000s}{chapter.2}% 4
\BOOKMARK [0][-]{chapter.3}{\376\377\000D\000o\000c\000u\000m\000e\000n\000t\000a\000t\000i\000o\000n\000\040\000d\000e\000s\000\040\000c\000l\000a\000s\000s\000e\000s}{}% 5
\BOOKMARK [1][-]{section.3.1}{\376\377\000R\000\351\000f\000\351\000r\000e\000n\000c\000e\000\040\000d\000e\000\040\000l\000a\000\040\000c\000l\000a\000s\000s\000e\000\040\000E\000l\000e\000v\000a\000t\000o\000r\000P\000r\000o\000j\000e\000c\000t\000.\000B\000u\000i\000l\000d\000i\000n\000g}{chapter.3}% 6
\BOOKMARK [2][-]{subsection.3.1.1}{\376\377\000D\000o\000c\000u\000m\000e\000n\000t\000a\000t\000i\000o\000n\000\040\000d\000e\000s\000\040\000d\000o\000n\000n\000\351\000e\000s\000\040\000m\000e\000m\000b\000r\000e\000s}{section.3.1}% 7
\BOOKMARK [3][-]{subsubsection.3.1.1.1}{\376\377\000e\000l\000e\000v\000a\000t\000o\000r}{subsection.3.1.1}% 8
\BOOKMARK [3][-]{subsubsection.3.1.1.2}{\376\377\000f\000l\000o\000o\000r\000s}{subsection.3.1.1}% 9
\BOOKMARK [1][-]{section.3.2}{\376\377\000R\000\351\000f\000\351\000r\000e\000n\000c\000e\000\040\000d\000e\000\040\000l\000a\000\040\000c\000l\000a\000s\000s\000e\000\040\000G\000r\000a\000p\000h\000i\000c\000s\000.\000C\000o\000l\000o\000r}{chapter.3}% 10
\BOOKMARK [2][-]{subsection.3.2.1}{\376\377\000D\000o\000c\000u\000m\000e\000n\000t\000a\000t\000i\000o\000n\000\040\000d\000e\000s\000\040\000d\000o\000n\000n\000\351\000e\000s\000\040\000m\000e\000m\000b\000r\000e\000s}{section.3.2}% 11
\BOOKMARK [3][-]{subsubsection.3.2.1.1}{\376\377\000b}{subsection.3.2.1}% 12
\BOOKMARK [3][-]{subsubsection.3.2.1.2}{\376\377\000g}{subsection.3.2.1}% 13
\BOOKMARK [3][-]{subsubsection.3.2.1.3}{\376\377\000r}{subsection.3.2.1}% 14
\BOOKMARK [1][-]{section.3.3}{\376\377\000R\000\351\000f\000\351\000r\000e\000n\000c\000e\000\040\000d\000e\000\040\000l\000a\000\040\000c\000l\000a\000s\000s\000e\000\040\000D\000e\000f\000i\000n\000e\000s}{chapter.3}% 15
\BOOKMARK [2][-]{subsection.3.3.1}{\376\377\000D\000o\000c\000u\000m\000e\000n\000t\000a\000t\000i\000o\000n\000\040\000d\000e\000s\000\040\000d\000o\000n\000n\000\351\000e\000s\000\040\000m\000e\000m\000b\000r\000e\000s}{section.3.3}% 16
\BOOKMARK [3][-]{subsubsection.3.3.1.1}{\376\377\000B\000A\000S\000I\000C\000\137\000O\000F\000F\000S\000E\000T}{subsection.3.3.1}% 17
\BOOKMARK [3][-]{subsubsection.3.3.1.2}{\376\377\000B\000O\000R\000D\000E\000R\000\137\000G\000A\000P}{subsection.3.3.1}% 18
\BOOKMARK [3][-]{subsubsection.3.3.1.3}{\376\377\000C\000H\000A\000R\000\137\000H\000E\000I\000G\000H\000T}{subsection.3.3.1}% 19
\BOOKMARK [3][-]{subsubsection.3.3.1.4}{\376\377\000C\000H\000A\000R\000\137\000W\000I\000D\000T\000H}{subsection.3.3.1}% 20
\BOOKMARK [3][-]{subsubsection.3.3.1.5}{\376\377\000E\000L\000E\000V\000A\000T\000O\000R\000\137\000H\000E\000I\000G\000H\000T}{subsection.3.3.1}% 21
\BOOKMARK [3][-]{subsubsection.3.3.1.6}{\376\377\000E\000L\000E\000V\000A\000T\000O\000R\000\137\000W\000I\000D\000T\000H}{subsection.3.3.1}% 22
\BOOKMARK [3][-]{subsubsection.3.3.1.7}{\376\377\000F\000L\000O\000O\000R\000\137\000H\000E\000I\000G\000H\000T}{subsection.3.3.1}% 23
\BOOKMARK [3][-]{subsubsection.3.3.1.8}{\376\377\000F\000L\000O\000O\000R\000\137\000H\000E\000I\000G\000H\000T\000\137\000M\000E\000T\000E\000R\000S}{subsection.3.3.1}% 24
\BOOKMARK [3][-]{subsubsection.3.3.1.9}{\376\377\000F\000L\000O\000O\000R\000\137\000W\000I\000D\000T\000H}{subsection.3.3.1}% 25
\BOOKMARK [3][-]{subsubsection.3.3.1.10}{\376\377\000L\000A\000G\000\137\000T\000I\000M\000E}{subsection.3.3.1}% 26
\BOOKMARK [3][-]{subsubsection.3.3.1.11}{\376\377\000M\000A\000R\000G\000I\000N}{subsection.3.3.1}% 27
\BOOKMARK [3][-]{subsubsection.3.3.1.12}{\376\377\000M\000A\000X\000\137\000L\000I\000M\000I\000T\000\137\000F\000L\000O\000O\000R\000S}{subsection.3.3.1}% 28
\BOOKMARK [3][-]{subsubsection.3.3.1.13}{\376\377\000N\000\137\000S\000T\000A\000R\000S}{subsection.3.3.1}% 29
\BOOKMARK [3][-]{subsubsection.3.3.1.14}{\376\377\000P\000A\000S\000S\000E\000N\000G\000E\000R\000\137\000H\000E\000I\000G\000H\000T}{subsection.3.3.1}% 30
\BOOKMARK [3][-]{subsubsection.3.3.1.15}{\376\377\000P\000A\000S\000S\000E\000N\000G\000E\000R\000\137\000W\000I\000D\000T\000H}{subsection.3.3.1}% 31
\BOOKMARK [3][-]{subsubsection.3.3.1.16}{\376\377\000Q\000U\000I\000T\000\137\000C\000H\000A\000R\000A\000C\000T\000E\000R}{subsection.3.3.1}% 32
\BOOKMARK [3][-]{subsubsection.3.3.1.17}{\376\377\000R\000E\000S\000O\000L\000U\000T\000I\000O\000N}{subsection.3.3.1}% 33
\BOOKMARK [3][-]{subsubsection.3.3.1.18}{\376\377\000W\000A\000I\000T\000I\000N\000G\000\137\000T\000I\000M\000E\000\137\000P\000E\000R\000\137\000P\000A\000S\000S\000E\000N\000G\000E\000R}{subsection.3.3.1}% 34
\BOOKMARK [3][-]{subsubsection.3.3.1.19}{\376\377\000W\000I\000N\000D\000O\000W\000\137\000S\000I\000Z\000E}{subsection.3.3.1}% 35
\BOOKMARK [3][-]{subsubsection.3.3.1.20}{\376\377\000W\000I\000N\000D\000O\000W\000\137\000T\000I\000T\000L\000E}{subsection.3.3.1}% 36
\BOOKMARK [3][-]{subsubsection.3.3.1.21}{\376\377\000W\000I\000N\000D\000O\000W\000\137\000X}{subsection.3.3.1}% 37
\BOOKMARK [3][-]{subsubsection.3.3.1.22}{\376\377\000W\000I\000N\000D\000O\000W\000\137\000Y}{subsection.3.3.1}% 38
\BOOKMARK [1][-]{section.3.4}{\376\377\000R\000\351\000f\000\351\000r\000e\000n\000c\000e\000\040\000d\000e\000\040\000l\000a\000\040\000c\000l\000a\000s\000s\000e\000\040\000E\000l\000e\000v\000a\000t\000o\000r\000P\000r\000o\000j\000e\000c\000t\000.\000E\000l\000e\000v\000a\000t\000o\000r}{chapter.3}% 39
\BOOKMARK [2][-]{subsection.3.4.1}{\376\377\000D\000o\000c\000u\000m\000e\000n\000t\000a\000t\000i\000o\000n\000\040\000d\000e\000s\000\040\000d\000o\000n\000n\000\351\000e\000s\000\040\000m\000e\000m\000b\000r\000e\000s}{section.3.4}% 40
\BOOKMARK [3][-]{subsubsection.3.4.1.1}{\376\377\000C\000A\000P\000A\000C\000I\000T\000Y}{subsection.3.4.1}% 41
\BOOKMARK [3][-]{subsubsection.3.4.1.2}{\376\377\000d\000e\000s\000t\000i\000n\000a\000t\000i\000o\000n\000L\000i\000s\000t}{subsection.3.4.1}% 42
\BOOKMARK [3][-]{subsubsection.3.4.1.3}{\376\377\000d\000i\000r\000e\000c\000t\000i\000o\000n}{subsection.3.4.1}% 43
\BOOKMARK [3][-]{subsubsection.3.4.1.4}{\376\377\000p\000a\000s\000s\000e\000n\000g\000e\000r\000s}{subsection.3.4.1}% 44
\BOOKMARK [3][-]{subsubsection.3.4.1.5}{\376\377\000p\000o\000s\000i\000t\000i\000o\000n\000B\000y\000H\000e\000i\000g\000h\000t}{subsection.3.4.1}% 45
\BOOKMARK [3][-]{subsubsection.3.4.1.6}{\376\377\000t\000i\000m\000e\000A\000t\000G\000o}{subsection.3.4.1}% 46
\BOOKMARK [3][-]{subsubsection.3.4.1.7}{\376\377\000w\000a\000i\000t\000i\000n\000g\000L\000i\000s\000t}{subsection.3.4.1}% 47
\BOOKMARK [1][-]{section.3.5}{\376\377\000R\000\351\000f\000\351\000r\000e\000n\000c\000e\000\040\000d\000e\000\040\000l\000a\000\040\000c\000l\000a\000s\000s\000e\000\040\000E\000l\000e\000v\000a\000t\000o\000r\000P\000r\000o\000j\000e\000c\000t}{chapter.3}% 48
\BOOKMARK [2][-]{subsection.3.5.1}{\376\377\000D\000o\000c\000u\000m\000e\000n\000t\000a\000t\000i\000o\000n\000\040\000d\000e\000s\000\040\000f\000o\000n\000c\000t\000i\000o\000n\000s\000\040\000m\000e\000m\000b\000r\000e\000s}{section.3.5}% 49
\BOOKMARK [3][-]{subsubsection.3.5.1.1}{\376\377\000a\000d\000d\000R\000a\000n\000d\000o\000m\000L\000o\000c\000a\000t\000i\000o\000n}{subsection.3.5.1}% 50
\BOOKMARK [3][-]{subsubsection.3.5.1.2}{\376\377\000a\000s\000k\000F\000o\000r\000N\000u\000m\000b\000e\000r\000F\000l\000o\000o\000r\000s}{subsection.3.5.1}% 51
\BOOKMARK [3][-]{subsubsection.3.5.1.3}{\376\377\000c\000r\000e\000a\000t\000e\000N\000e\000w\000B\000u\000i\000l\000d\000i\000n\000g}{subsection.3.5.1}% 52
\BOOKMARK [3][-]{subsubsection.3.5.1.4}{\376\377\000c\000r\000e\000a\000t\000e\000N\000e\000w\000E\000l\000e\000v\000a\000t\000o\000r}{subsection.3.5.1}% 53
\BOOKMARK [3][-]{subsubsection.3.5.1.5}{\376\377\000m\000a\000i\000n}{subsection.3.5.1}% 54
\BOOKMARK [3][-]{subsubsection.3.5.1.6}{\376\377\000m\000a\000n\000a\000g\000e\000A\000p\000p\000a\000r\000i\000t\000i\000o\000n}{subsection.3.5.1}% 55
\BOOKMARK [3][-]{subsubsection.3.5.1.7}{\376\377\000m\000a\000n\000a\000g\000e\000C\000a\000l\000l\000s}{subsection.3.5.1}% 56
\BOOKMARK [3][-]{subsubsection.3.5.1.8}{\376\377\000m\000o\000v\000e\000E\000l\000e\000v\000a\000t\000o\000r}{subsection.3.5.1}% 57
\BOOKMARK [3][-]{subsubsection.3.5.1.9}{\376\377\000s\000i\000g\000n\000O\000f}{subsection.3.5.1}% 58
\BOOKMARK [3][-]{subsubsection.3.5.1.10}{\376\377\000s\000t\000a\000c\000k\000I\000n\000E\000l\000e\000v\000a\000t\000o\000r}{subsection.3.5.1}% 59
\BOOKMARK [3][-]{subsubsection.3.5.1.11}{\376\377\000t\000o\000s\000s\000P\000r\000o\000b\000i\000l\000i\000t\000y}{subsection.3.5.1}% 60
\BOOKMARK [3][-]{subsubsection.3.5.1.12}{\376\377\000u\000n\000s\000t\000a\000c\000k\000E\000l\000e\000v\000a\000t\000o\000r}{subsection.3.5.1}% 61
\BOOKMARK [3][-]{subsubsection.3.5.1.13}{\376\377\000u\000p\000d\000a\000t\000e}{subsection.3.5.1}% 62
\BOOKMARK [3][-]{subsubsection.3.5.1.14}{\376\377\000u\000p\000d\000a\000t\000e\000D\000i\000r\000e\000c\000t\000i\000o\000n}{subsection.3.5.1}% 63
\BOOKMARK [3][-]{subsubsection.3.5.1.15}{\376\377\000u\000p\000d\000a\000t\000e\000E\000l\000e\000v\000a\000t\000o\000r}{subsection.3.5.1}% 64
\BOOKMARK [3][-]{subsubsection.3.5.1.16}{\376\377\000u\000p\000d\000a\000t\000e\000E\000l\000e\000v\000a\000t\000o\000r\000T\000i\000m\000i\000n\000g}{subsection.3.5.1}% 65
\BOOKMARK [3][-]{subsubsection.3.5.1.17}{\376\377\000v\000e\000r\000i\000f\000y\000I\000n\000B\000e\000t\000w\000e\000e\000n}{subsection.3.5.1}% 66
\BOOKMARK [2][-]{subsection.3.5.2}{\376\377\000D\000o\000c\000u\000m\000e\000n\000t\000a\000t\000i\000o\000n\000\040\000d\000e\000s\000\040\000d\000o\000n\000n\000\351\000e\000s\000\040\000m\000e\000m\000b\000r\000e\000s}{section.3.5}% 67
\BOOKMARK [3][-]{subsubsection.3.5.2.1}{\376\377\000t\000i\000m\000e\000P\000a\000s\000s\000e\000d}{subsection.3.5.2}% 68
\BOOKMARK [1][-]{section.3.6}{\376\377\000R\000\351\000f\000\351\000r\000e\000n\000c\000e\000\040\000d\000e\000\040\000l\000a\000\040\000c\000l\000a\000s\000s\000e\000\040\000E\000l\000e\000v\000a\000t\000o\000r\000P\000r\000o\000j\000e\000c\000t\000.\000F\000l\000o\000o\000r}{chapter.3}% 69
\BOOKMARK [2][-]{subsection.3.6.1}{\376\377\000D\000o\000c\000u\000m\000e\000n\000t\000a\000t\000i\000o\000n\000\040\000d\000e\000s\000\040\000d\000o\000n\000n\000\351\000e\000s\000\040\000m\000e\000m\000b\000r\000e\000s}{section.3.6}% 70
\BOOKMARK [3][-]{subsubsection.3.6.1.1}{\376\377\000p\000a\000s\000s\000e\000n\000g\000e\000r\000s}{subsection.3.6.1}% 71
\BOOKMARK [3][-]{subsubsection.3.6.1.2}{\376\377\000p\000r\000o\000b\000a\000b\000i\000l\000i\000t\000y}{subsection.3.6.1}% 72
\BOOKMARK [1][-]{section.3.7}{\376\377\000R\000\351\000f\000\351\000r\000e\000n\000c\000e\000\040\000d\000e\000\040\000l\000a\000\040\000c\000l\000a\000s\000s\000e\000\040\000G\000r\000a\000p\000h\000i\000c\000s}{chapter.3}% 73
\BOOKMARK [2][-]{subsection.3.7.1}{\376\377\000D\000o\000c\000u\000m\000e\000n\000t\000a\000t\000i\000o\000n\000\040\000d\000e\000s\000\040\000f\000o\000n\000c\000t\000i\000o\000n\000s\000\040\000m\000e\000m\000b\000r\000e\000s}{section.3.7}% 74
\BOOKMARK [3][-]{subsubsection.3.7.1.1}{\376\377\000c\000r\000e\000a\000t\000e\000N\000e\000w\000C\000o\000l\000o\000r}{subsection.3.7.1}% 75
\BOOKMARK [3][-]{subsubsection.3.7.1.2}{\376\377\000c\000r\000e\000a\000t\000e\000N\000e\000w\000E\000c\000r\000a\000n\000G\000r\000a\000p\000h\000i\000q\000u\000e}{subsection.3.7.1}% 76
\BOOKMARK [3][-]{subsubsection.3.7.1.3}{\376\377\000d\000r\000a\000w}{subsection.3.7.1}% 77
\BOOKMARK [3][-]{subsubsection.3.7.1.4}{\376\377\000d\000r\000a\000w\000B\000u\000i\000l\000d\000i\000n\000g}{subsection.3.7.1}% 78
\BOOKMARK [3][-]{subsubsection.3.7.1.5}{\376\377\000d\000r\000a\000w\000E\000l\000e\000v\000a\000t\000o\000r}{subsection.3.7.1}% 79
\BOOKMARK [3][-]{subsubsection.3.7.1.6}{\376\377\000d\000r\000a\000w\000F\000l\000o\000o\000r\000s}{subsection.3.7.1}% 80
\BOOKMARK [3][-]{subsubsection.3.7.1.7}{\376\377\000d\000r\000a\000w\000G\000r\000o\000u\000n\000d}{subsection.3.7.1}% 81
\BOOKMARK [3][-]{subsubsection.3.7.1.8}{\376\377\000d\000r\000a\000w\000P\000a\000n\000e\000l}{subsection.3.7.1}% 82
\BOOKMARK [3][-]{subsubsection.3.7.1.9}{\376\377\000d\000r\000a\000w\000P\000a\000s\000s\000e\000n\000g\000e\000r}{subsection.3.7.1}% 83
\BOOKMARK [3][-]{subsubsection.3.7.1.10}{\376\377\000d\000r\000a\000w\000P\000a\000s\000s\000e\000n\000g\000e\000r\000s\000I\000n\000F\000l\000o\000o\000r}{subsection.3.7.1}% 84
\BOOKMARK [3][-]{subsubsection.3.7.1.11}{\376\377\000d\000r\000a\000w\000R\000e\000c\000t\000a\000n\000g\000l\000e}{subsection.3.7.1}% 85
\BOOKMARK [3][-]{subsubsection.3.7.1.12}{\376\377\000d\000r\000a\000w\000S\000k\000y}{subsection.3.7.1}% 86
\BOOKMARK [3][-]{subsubsection.3.7.1.13}{\376\377\000d\000r\000a\000w\000S\000t\000a\000r}{subsection.3.7.1}% 87
\BOOKMARK [3][-]{subsubsection.3.7.1.14}{\376\377\000f\000i\000l\000l\000R\000e\000c\000t\000a\000n\000g\000l\000e}{subsection.3.7.1}% 88
\BOOKMARK [3][-]{subsubsection.3.7.1.15}{\376\377\000i\000n\000i\000t\000S\000t\000a\000r\000s}{subsection.3.7.1}% 89
\BOOKMARK [2][-]{subsection.3.7.2}{\376\377\000D\000o\000c\000u\000m\000e\000n\000t\000a\000t\000i\000o\000n\000\040\000d\000e\000s\000\040\000d\000o\000n\000n\000\351\000e\000s\000\040\000m\000e\000m\000b\000r\000e\000s}{section.3.7}% 90
\BOOKMARK [3][-]{subsubsection.3.7.2.1}{\376\377\000f\000o\000c\000u\000s\000O\000n\000E\000l\000e\000v\000a\000t\000o\000r}{subsection.3.7.2}% 91
\BOOKMARK [3][-]{subsubsection.3.7.2.2}{\376\377\000v\000i\000e\000w\000D\000i\000r\000e\000c\000t\000i\000o\000n}{subsection.3.7.2}% 92
\BOOKMARK [3][-]{subsubsection.3.7.2.3}{\376\377\000y\000O\000f\000f\000s\000e\000t}{subsection.3.7.2}% 93
\BOOKMARK [1][-]{section.3.8}{\376\377\000R\000\351\000f\000\351\000r\000e\000n\000c\000e\000\040\000d\000e\000\040\000l\000a\000\040\000c\000l\000a\000s\000s\000e\000\040\000I\000n\000t\000e\000r\000f\000a\000c\000e}{chapter.3}% 94
\BOOKMARK [2][-]{subsection.3.8.1}{\376\377\000D\000o\000c\000u\000m\000e\000n\000t\000a\000t\000i\000o\000n\000\040\000d\000e\000s\000\040\000f\000o\000n\000c\000t\000i\000o\000n\000s\000\040\000m\000e\000m\000b\000r\000e\000s}{section.3.8}% 95
\BOOKMARK [3][-]{subsubsection.3.8.1.1}{\376\377\000c\000l\000i\000c\000k}{subsection.3.8.1}% 96
\BOOKMARK [3][-]{subsubsection.3.8.1.2}{\376\377\000d\000r\000a\000w\000A\000r\000r\000o\000w\000s}{subsection.3.8.1}% 97
\BOOKMARK [3][-]{subsubsection.3.8.1.3}{\376\377\000d\000r\000a\000w\000M\000e\000n\000u}{subsection.3.8.1}% 98
\BOOKMARK [3][-]{subsubsection.3.8.1.4}{\376\377\000u\000p\000d\000a\000t\000e}{subsection.3.8.1}% 99
\BOOKMARK [3][-]{subsubsection.3.8.1.5}{\376\377\000u\000p\000d\000a\000t\000e\000M\000o\000u\000s\000e\000P\000o\000s\000i\000t\000i\000o\000n}{subsection.3.8.1}% 100
\BOOKMARK [1][-]{section.3.9}{\376\377\000R\000\351\000f\000\351\000r\000e\000n\000c\000e\000\040\000d\000e\000\040\000l\000a\000\040\000c\000l\000a\000s\000s\000e\000\040\000G\000r\000a\000p\000h\000i\000c\000s\000.\000P\000o\000i\000n\000t}{chapter.3}% 101
\BOOKMARK [2][-]{subsection.3.9.1}{\376\377\000D\000o\000c\000u\000m\000e\000n\000t\000a\000t\000i\000o\000n\000\040\000d\000e\000s\000\040\000d\000o\000n\000n\000\351\000e\000s\000\040\000m\000e\000m\000b\000r\000e\000s}{section.3.9}% 102
\BOOKMARK [3][-]{subsubsection.3.9.1.1}{\376\377\000o\000f\000f\000s\000e\000t}{subsection.3.9.1}% 103
\BOOKMARK [3][-]{subsubsection.3.9.1.2}{\376\377\000x}{subsection.3.9.1}% 104
\BOOKMARK [3][-]{subsubsection.3.9.1.3}{\376\377\000y}{subsection.3.9.1}% 105
\BOOKMARK [1][-]{section.3.10}{\376\377\000R\000\351\000f\000\351\000r\000e\000n\000c\000e\000\040\000d\000e\000\040\000l\000a\000\040\000c\000l\000a\000s\000s\000e\000\040\000G\000r\000a\000p\000h\000i\000c\000s\000.\000R\000e\000c\000t\000a\000n\000g\000l\000e}{chapter.3}% 106
\BOOKMARK [2][-]{subsection.3.10.1}{\376\377\000D\000o\000c\000u\000m\000e\000n\000t\000a\000t\000i\000o\000n\000\040\000d\000e\000s\000\040\000d\000o\000n\000n\000\351\000e\000s\000\040\000m\000e\000m\000b\000r\000e\000s}{section.3.10}% 107
\BOOKMARK [3][-]{subsubsection.3.10.1.1}{\376\377\000h\000e\000i\000g\000h\000t}{subsection.3.10.1}% 108
\BOOKMARK [3][-]{subsubsection.3.10.1.2}{\376\377\000w\000i\000d\000t\000h}{subsection.3.10.1}% 109
\BOOKMARK [3][-]{subsubsection.3.10.1.3}{\376\377\000x}{subsection.3.10.1}% 110
\BOOKMARK [3][-]{subsubsection.3.10.1.4}{\376\377\000y}{subsection.3.10.1}% 111
\BOOKMARK [1][-]{section.3.11}{\376\377\000R\000\351\000f\000\351\000r\000e\000n\000c\000e\000\040\000d\000e\000\040\000l\000a\000\040\000c\000l\000a\000s\000s\000e\000\040\000s\000o\000u\000n\000d}{chapter.3}% 112
\BOOKMARK [2][-]{subsection.3.11.1}{\376\377\000D\000o\000c\000u\000m\000e\000n\000t\000a\000t\000i\000o\000n\000\040\000d\000e\000s\000\040\000f\000o\000n\000c\000t\000i\000o\000n\000s\000\040\000m\000e\000m\000b\000r\000e\000s}{section.3.11}% 113
\BOOKMARK [3][-]{subsubsection.3.11.1.1}{\376\377\000[\000i\000n\000s\000t\000a\000n\000c\000e\000\040\000i\000n\000i\000t\000i\000a\000l\000i\000z\000e\000r\000]}{subsection.3.11.1}% 114
\BOOKMARK [3][-]{subsubsection.3.11.1.2}{\376\377\000[\000i\000n\000s\000t\000a\000n\000c\000e\000\040\000i\000n\000i\000t\000i\000a\000l\000i\000z\000e\000r\000]}{subsection.3.11.1}% 115
\BOOKMARK [3][-]{subsubsection.3.11.1.3}{\376\377\000p\000l\000a\000y\000S\000o\000u\000n\000d}{subsection.3.11.1}% 116
\BOOKMARK [0][-]{chapter.4}{\376\377\000D\000o\000c\000u\000m\000e\000n\000t\000a\000t\000i\000o\000n\000\040\000d\000e\000s\000\040\000f\000i\000c\000h\000i\000e\000r\000s}{}% 117
\BOOKMARK [1][-]{section.4.1}{\376\377\000R\000\351\000f\000\351\000r\000e\000n\000c\000e\000\040\000d\000u\000\040\000f\000i\000c\000h\000i\000e\000r\000\040\000D\000e\000f\000i\000n\000e\000s\000.\000j\000a\000v\000a}{chapter.4}% 118
\BOOKMARK [1][-]{section.4.2}{\376\377\000R\000\351\000f\000\351\000r\000e\000n\000c\000e\000\040\000d\000u\000\040\000f\000i\000c\000h\000i\000e\000r\000\040\000E\000l\000e\000v\000a\000t\000o\000r\000P\000r\000o\000j\000e\000c\000t\000.\000j\000a\000v\000a}{chapter.4}% 119
\BOOKMARK [1][-]{section.4.3}{\376\377\000R\000\351\000f\000\351\000r\000e\000n\000c\000e\000\040\000d\000u\000\040\000f\000i\000c\000h\000i\000e\000r\000\040\000G\000r\000a\000p\000h\000i\000c\000s\000.\000j\000a\000v\000a}{chapter.4}% 120
\BOOKMARK [1][-]{section.4.4}{\376\377\000R\000\351\000f\000\351\000r\000e\000n\000c\000e\000\040\000d\000u\000\040\000f\000i\000c\000h\000i\000e\000r\000\040\000I\000n\000t\000e\000r\000f\000a\000c\000e\000.\000j\000a\000v\000a}{chapter.4}% 121
\BOOKMARK [1][-]{section.4.5}{\376\377\000R\000\351\000f\000\351\000r\000e\000n\000c\000e\000\040\000d\000u\000\040\000f\000i\000c\000h\000i\000e\000r\000\040\000s\000o\000u\000n\000d\000.\000j\000a\000v\000a}{chapter.4}% 122
